{"/var/www/html/test-me/server/server.js":{"path":"/var/www/html/test-me/server/server.js","s":{"1":1,"2":1,"3":1,"4":1,"5":1,"6":1,"7":1,"8":1,"9":0,"10":0,"11":1,"12":1,"13":1,"14":1,"15":1,"16":1},"b":{"1":[0,1]},"f":{},"fnMap":{},"statementMap":{"1":{"start":{"line":1,"column":0},"end":{"line":1,"column":37}},"2":{"start":{"line":2,"column":0},"end":{"line":2,"column":22}},"3":{"start":{"line":3,"column":0},"end":{"line":3,"column":31}},"4":{"start":{"line":4,"column":0},"end":{"line":4,"column":44}},"5":{"start":{"line":6,"column":0},"end":{"line":6,"column":57}},"6":{"start":{"line":7,"column":0},"end":{"line":7,"column":57}},"7":{"start":{"line":8,"column":0},"end":{"line":8,"column":50}},"8":{"start":{"line":13,"column":0},"end":{"line":17,"column":1}},"9":{"start":{"line":14,"column":2},"end":{"line":14,"column":37}},"10":{"start":{"line":16,"column":2},"end":{"line":16,"column":34}},"11":{"start":{"line":18,"column":0},"end":{"line":18,"column":29}},"12":{"start":{"line":19,"column":0},"end":{"line":19,"column":40}},"13":{"start":{"line":25,"column":0},"end":{"line":25,"column":31}},"14":{"start":{"line":31,"column":0},"end":{"line":33,"column":4}},"15":{"start":{"line":32,"column":2},"end":{"line":32,"column":65}},"16":{"start":{"line":35,"column":0},"end":{"line":35,"column":25}}},"branchMap":{"1":{"line":13,"type":"if","locations":[{"start":{"line":13,"column":0},"end":{"line":13,"column":0}},{"start":{"line":13,"column":0},"end":{"line":13,"column":0}}]}}},"/var/www/html/test-me/config/server/default.js":{"path":"/var/www/html/test-me/config/server/default.js","s":{"1":1,"2":1,"3":1,"4":1,"5":1,"6":1,"7":1,"8":0,"9":0,"10":0,"11":0,"12":1,"13":1,"14":0,"15":1,"16":1},"b":{"1":[1,1],"2":[1,0],"3":[0,0],"4":[0,0],"5":[0,1]},"f":{},"fnMap":{},"statementMap":{"1":{"start":{"line":1,"column":0},"end":{"line":1,"column":50}},"2":{"start":{"line":2,"column":0},"end":{"line":2,"column":39}},"3":{"start":{"line":3,"column":0},"end":{"line":3,"column":49}},"4":{"start":{"line":4,"column":0},"end":{"line":4,"column":34}},"5":{"start":{"line":6,"column":0},"end":{"line":14,"column":1}},"6":{"start":{"line":7,"column":1},"end":{"line":7,"column":25}},"7":{"start":{"line":8,"column":1},"end":{"line":8,"column":63}},"8":{"start":{"line":9,"column":7},"end":{"line":14,"column":1}},"9":{"start":{"line":10,"column":1},"end":{"line":10,"column":25}},"10":{"start":{"line":11,"column":1},"end":{"line":11,"column":68}},"11":{"start":{"line":13,"column":1},"end":{"line":13,"column":84}},"12":{"start":{"line":16,"column":0},"end":{"line":22,"column":4}},"13":{"start":{"line":17,"column":1},"end":{"line":21,"column":2}},"14":{"start":{"line":18,"column":2},"end":{"line":18,"column":89}},"15":{"start":{"line":20,"column":2},"end":{"line":20,"column":74}},"16":{"start":{"line":24,"column":0},"end":{"line":24,"column":30}}},"branchMap":{"1":{"line":1,"type":"binary-expr","locations":[{"start":{"line":1,"column":12},"end":{"line":1,"column":32}},{"start":{"line":1,"column":36},"end":{"line":1,"column":49}}]},"2":{"line":6,"type":"if","locations":[{"start":{"line":6,"column":0},"end":{"line":6,"column":0}},{"start":{"line":6,"column":0},"end":{"line":6,"column":0}}]},"3":{"line":9,"type":"if","locations":[{"start":{"line":9,"column":7},"end":{"line":9,"column":7}},{"start":{"line":9,"column":7},"end":{"line":9,"column":7}}]},"4":{"line":13,"type":"binary-expr","locations":[{"start":{"line":13,"column":27},"end":{"line":13,"column":50}},{"start":{"line":13,"column":54},"end":{"line":13,"column":83}}]},"5":{"line":17,"type":"if","locations":[{"start":{"line":17,"column":1},"end":{"line":17,"column":1}},{"start":{"line":17,"column":1},"end":{"line":17,"column":1}}]}}},"/var/www/html/test-me/config/server/parameters.js":{"path":"/var/www/html/test-me/config/server/parameters.js","s":{"1":1,"2":1},"b":{},"f":{},"fnMap":{},"statementMap":{"1":{"start":{"line":1,"column":0},"end":{"line":4,"column":2}},"2":{"start":{"line":6,"column":0},"end":{"line":6,"column":32}}},"branchMap":{}},"/var/www/html/test-me/server/routes/user.js":{"path":"/var/www/html/test-me/server/routes/user.js","s":{"1":1,"2":1,"3":1,"4":1,"5":1,"6":1,"7":1,"8":2,"9":2,"10":1,"11":1,"12":1,"13":1,"14":2,"15":2,"16":2,"17":1,"18":1,"19":1,"20":1,"21":1,"22":1,"23":1,"24":0,"25":1},"b":{},"f":{},"fnMap":{},"statementMap":{"1":{"start":{"line":1,"column":0},"end":{"line":1,"column":37}},"2":{"start":{"line":2,"column":0},"end":{"line":2,"column":36}},"3":{"start":{"line":3,"column":0},"end":{"line":3,"column":30}},"4":{"start":{"line":4,"column":0},"end":{"line":4,"column":37}},"5":{"start":{"line":6,"column":0},"end":{"line":6,"column":45}},"6":{"start":{"line":7,"column":0},"end":{"line":7,"column":65}},"7":{"start":{"line":9,"column":0},"end":{"line":22,"column":4}},"8":{"start":{"line":10,"column":1},"end":{"line":10,"column":93}},"9":{"start":{"line":12,"column":1},"end":{"line":21,"column":5}},"10":{"start":{"line":13,"column":24},"end":{"line":13,"column":48}},"11":{"start":{"line":15,"column":3},"end":{"line":15,"column":92}},"12":{"start":{"line":18,"column":2},"end":{"line":20,"column":6}},"13":{"start":{"line":24,"column":0},"end":{"line":36,"column":4}},"14":{"start":{"line":25,"column":1},"end":{"line":25,"column":28}},"15":{"start":{"line":26,"column":1},"end":{"line":26,"column":34}},"16":{"start":{"line":27,"column":1},"end":{"line":35,"column":6}},"17":{"start":{"line":29,"column":3},"end":{"line":29,"column":77}},"18":{"start":{"line":32,"column":3},"end":{"line":34,"column":7}},"19":{"start":{"line":38,"column":0},"end":{"line":40,"column":4}},"20":{"start":{"line":39,"column":1},"end":{"line":39,"column":36}},"21":{"start":{"line":42,"column":0},"end":{"line":50,"column":4}},"22":{"start":{"line":43,"column":1},"end":{"line":49,"column":6}},"23":{"start":{"line":45,"column":3},"end":{"line":45,"column":34}},"24":{"start":{"line":48,"column":3},"end":{"line":48,"column":13}},"25":{"start":{"line":52,"column":0},"end":{"line":52,"column":32}}},"branchMap":{}},"/var/www/html/test-me/server/models/user.js":{"path":"/var/www/html/test-me/server/models/user.js","s":{"1":1,"2":1,"3":1,"4":1,"5":1,"6":1,"7":1,"8":10,"9":10,"10":1,"11":4,"12":4,"13":4,"14":4,"15":2,"16":2,"17":1,"18":2,"19":2,"20":2,"21":1,"22":1,"23":1,"24":0,"25":1,"26":1,"27":2,"28":2,"29":1,"30":1,"31":1,"32":1,"33":1,"34":1,"35":1,"36":1,"37":10,"38":10,"39":9,"40":9,"41":0,"42":9,"43":9,"44":9,"45":1,"46":1,"47":1},"b":{"1":[4,4],"2":[1,1],"3":[0,1],"4":[1,1],"5":[9,1],"6":[0,9]},"f":{"1":10,"2":10,"3":4,"4":2,"5":2,"6":1,"7":10},"fnMap":{"1":{"name":"(anonymous_1)","line":36,"loc":{"start":{"line":36,"column":14},"end":{"line":36,"column":27}}},"2":{"name":"(anonymous_2)","line":42,"loc":{"start":{"line":42,"column":14},"end":{"line":42,"column":27}}},"3":{"name":"(anonymous_3)","line":64,"loc":{"start":{"line":64,"column":33},"end":{"line":64,"column":51}}},"4":{"name":"(anonymous_4)","line":80,"loc":{"start":{"line":80,"column":27},"end":{"line":80,"column":55}}},"5":{"name":"(anonymous_5)","line":96,"loc":{"start":{"line":96,"column":28},"end":{"line":96,"column":39}}},"6":{"name":"(anonymous_6)","line":101,"loc":{"start":{"line":101,"column":39},"end":{"line":101,"column":50}}},"7":{"name":"(anonymous_7)","line":109,"loc":{"start":{"line":109,"column":24},"end":{"line":109,"column":41}}}},"statementMap":{"1":{"start":{"line":1,"column":0},"end":{"line":1,"column":37}},"2":{"start":{"line":2,"column":0},"end":{"line":2,"column":38}},"3":{"start":{"line":3,"column":0},"end":{"line":3,"column":30}},"4":{"start":{"line":5,"column":0},"end":{"line":5,"column":62}},"5":{"start":{"line":6,"column":0},"end":{"line":6,"column":67}},"6":{"start":{"line":7,"column":0},"end":{"line":7,"column":31}},"7":{"start":{"line":9,"column":0},"end":{"line":62,"column":2}},"8":{"start":{"line":37,"column":6},"end":{"line":37,"column":44}},"9":{"start":{"line":43,"column":6},"end":{"line":43,"column":47}},"10":{"start":{"line":64,"column":0},"end":{"line":78,"column":2}},"11":{"start":{"line":65,"column":1},"end":{"line":65,"column":17}},"12":{"start":{"line":66,"column":1},"end":{"line":66,"column":13}},"13":{"start":{"line":68,"column":1},"end":{"line":72,"column":2}},"14":{"start":{"line":69,"column":2},"end":{"line":69,"column":77}},"15":{"start":{"line":71,"column":2},"end":{"line":71,"column":26}},"16":{"start":{"line":73,"column":1},"end":{"line":77,"column":5}},"17":{"start":{"line":80,"column":0},"end":{"line":94,"column":2}},"18":{"start":{"line":81,"column":1},"end":{"line":81,"column":17}},"19":{"start":{"line":82,"column":1},"end":{"line":93,"column":6}},"20":{"start":{"line":84,"column":3},"end":{"line":86,"column":4}},"21":{"start":{"line":85,"column":4},"end":{"line":85,"column":28}},"22":{"start":{"line":87,"column":3},"end":{"line":92,"column":7}},"23":{"start":{"line":88,"column":4},"end":{"line":90,"column":5}},"24":{"start":{"line":89,"column":5},"end":{"line":89,"column":29}},"25":{"start":{"line":91,"column":4},"end":{"line":91,"column":16}},"26":{"start":{"line":96,"column":0},"end":{"line":99,"column":2}},"27":{"start":{"line":97,"column":1},"end":{"line":97,"column":17}},"28":{"start":{"line":98,"column":1},"end":{"line":98,"column":68}},"29":{"start":{"line":101,"column":0},"end":{"line":107,"column":2}},"30":{"start":{"line":102,"column":1},"end":{"line":102,"column":17}},"31":{"start":{"line":103,"column":1},"end":{"line":103,"column":21}},"32":{"start":{"line":104,"column":1},"end":{"line":104,"column":110}},"33":{"start":{"line":105,"column":1},"end":{"line":105,"column":39}},"34":{"start":{"line":106,"column":1},"end":{"line":106,"column":40}},"35":{"start":{"line":106,"column":32},"end":{"line":106,"column":37}},"36":{"start":{"line":109,"column":0},"end":{"line":124,"column":4}},"37":{"start":{"line":110,"column":1},"end":{"line":110,"column":17}},"38":{"start":{"line":111,"column":1},"end":{"line":123,"column":2}},"39":{"start":{"line":112,"column":2},"end":{"line":120,"column":6}},"40":{"start":{"line":113,"column":3},"end":{"line":115,"column":4}},"41":{"start":{"line":114,"column":4},"end":{"line":114,"column":14}},"42":{"start":{"line":116,"column":3},"end":{"line":119,"column":7}},"43":{"start":{"line":117,"column":4},"end":{"line":117,"column":25}},"44":{"start":{"line":118,"column":4},"end":{"line":118,"column":11}},"45":{"start":{"line":122,"column":2},"end":{"line":122,"column":9}},"46":{"start":{"line":126,"column":0},"end":{"line":126,"column":50}},"47":{"start":{"line":128,"column":0},"end":{"line":128,"column":26}}},"branchMap":{"1":{"line":69,"type":"binary-expr","locations":[{"start":{"line":69,"column":31},"end":{"line":69,"column":53}},{"start":{"line":69,"column":57},"end":{"line":69,"column":74}}]},"2":{"line":84,"type":"if","locations":[{"start":{"line":84,"column":3},"end":{"line":84,"column":3}},{"start":{"line":84,"column":3},"end":{"line":84,"column":3}}]},"3":{"line":88,"type":"if","locations":[{"start":{"line":88,"column":4},"end":{"line":88,"column":4}},{"start":{"line":88,"column":4},"end":{"line":88,"column":4}}]},"4":{"line":104,"type":"binary-expr","locations":[{"start":{"line":104,"column":64},"end":{"line":104,"column":86}},{"start":{"line":104,"column":90},"end":{"line":104,"column":107}}]},"5":{"line":111,"type":"if","locations":[{"start":{"line":111,"column":1},"end":{"line":111,"column":1}},{"start":{"line":111,"column":1},"end":{"line":111,"column":1}}]},"6":{"line":113,"type":"if","locations":[{"start":{"line":113,"column":3},"end":{"line":113,"column":3}},{"start":{"line":113,"column":3},"end":{"line":113,"column":3}}]}}},"/var/www/html/test-me/server/middleware/authenticate.js":{"path":"/var/www/html/test-me/server/middleware/authenticate.js","s":{"1":1,"2":1,"3":4,"4":4,"5":2,"6":0,"7":2,"8":2,"9":2,"10":2,"11":1},"b":{"1":[0,2]},"f":{},"fnMap":{},"statementMap":{"1":{"start":{"line":1,"column":0},"end":{"line":1,"column":45}},"2":{"start":{"line":3,"column":0},"end":{"line":20,"column":2}},"3":{"start":{"line":4,"column":1},"end":{"line":4,"column":36}},"4":{"start":{"line":6,"column":1},"end":{"line":19,"column":6}},"5":{"start":{"line":8,"column":3},"end":{"line":10,"column":4}},"6":{"start":{"line":9,"column":4},"end":{"line":9,"column":28}},"7":{"start":{"line":11,"column":3},"end":{"line":11,"column":19}},"8":{"start":{"line":12,"column":3},"end":{"line":12,"column":21}},"9":{"start":{"line":13,"column":3},"end":{"line":13,"column":10}},"10":{"start":{"line":16,"column":3},"end":{"line":18,"column":8}},"11":{"start":{"line":22,"column":0},"end":{"line":22,"column":34}}},"branchMap":{"1":{"line":8,"type":"if","locations":[{"start":{"line":8,"column":3},"end":{"line":8,"column":3}},{"start":{"line":8,"column":3},"end":{"line":8,"column":3}}]}}}}