TN:
SF:/var/www/html/test-me/server/server.js
FNF:0
FNH:0
DA:1,1
DA:2,1
DA:3,1
DA:4,1
DA:6,1
DA:7,1
DA:8,1
DA:13,1
DA:14,0
DA:16,0
DA:18,1
DA:19,1
DA:25,1
DA:31,1
DA:32,1
DA:35,1
LF:16
LH:14
BRDA:13,1,0,0
BRDA:13,1,1,1
BRF:2
BRH:1
end_of_record
TN:
SF:/var/www/html/test-me/config/server/default.js
FNF:0
FNH:0
DA:1,1
DA:2,1
DA:3,1
DA:4,1
DA:6,1
DA:7,1
DA:8,1
DA:9,0
DA:10,0
DA:11,0
DA:13,0
DA:16,1
DA:17,1
DA:18,0
DA:20,1
DA:24,1
LF:16
LH:11
BRDA:1,1,0,1
BRDA:1,1,1,1
BRDA:6,2,0,1
BRDA:6,2,1,0
BRDA:9,3,0,0
BRDA:9,3,1,0
BRDA:13,4,0,0
BRDA:13,4,1,0
BRDA:17,5,0,0
BRDA:17,5,1,1
BRF:10
BRH:4
end_of_record
TN:
SF:/var/www/html/test-me/config/server/parameters.js
FNF:0
FNH:0
DA:1,1
DA:6,1
LF:2
LH:2
BRF:0
BRH:0
end_of_record
TN:
SF:/var/www/html/test-me/server/routes/user.js
FNF:0
FNH:0
DA:1,1
DA:2,1
DA:3,1
DA:4,1
DA:6,1
DA:7,1
DA:9,1
DA:10,2
DA:12,2
DA:13,1
DA:15,1
DA:18,1
DA:24,1
DA:25,2
DA:26,2
DA:27,2
DA:29,1
DA:32,1
DA:38,1
DA:39,1
DA:42,1
DA:43,1
DA:45,1
DA:48,0
DA:52,1
LF:25
LH:24
BRF:0
BRH:0
end_of_record
TN:
SF:/var/www/html/test-me/server/models/user.js
FN:36,(anonymous_1)
FN:42,(anonymous_2)
FN:64,(anonymous_3)
FN:80,(anonymous_4)
FN:96,(anonymous_5)
FN:101,(anonymous_6)
FN:109,(anonymous_7)
FNF:7
FNH:7
FNDA:10,(anonymous_1)
FNDA:10,(anonymous_2)
FNDA:4,(anonymous_3)
FNDA:2,(anonymous_4)
FNDA:2,(anonymous_5)
FNDA:1,(anonymous_6)
FNDA:10,(anonymous_7)
DA:1,1
DA:2,1
DA:3,1
DA:5,1
DA:6,1
DA:7,1
DA:9,1
DA:37,10
DA:43,10
DA:64,1
DA:65,4
DA:66,4
DA:68,4
DA:69,4
DA:71,2
DA:73,2
DA:80,1
DA:81,2
DA:82,2
DA:84,2
DA:85,1
DA:87,1
DA:88,1
DA:89,0
DA:91,1
DA:96,1
DA:97,2
DA:98,2
DA:101,1
DA:102,1
DA:103,1
DA:104,1
DA:105,1
DA:106,1
DA:109,1
DA:110,10
DA:111,10
DA:112,9
DA:113,9
DA:114,0
DA:116,9
DA:117,9
DA:118,9
DA:122,1
DA:126,1
DA:128,1
LF:46
LH:44
BRDA:69,1,0,4
BRDA:69,1,1,4
BRDA:84,2,0,1
BRDA:84,2,1,1
BRDA:88,3,0,0
BRDA:88,3,1,1
BRDA:104,4,0,1
BRDA:104,4,1,1
BRDA:111,5,0,9
BRDA:111,5,1,1
BRDA:113,6,0,0
BRDA:113,6,1,9
BRF:12
BRH:10
end_of_record
TN:
SF:/var/www/html/test-me/server/middleware/authenticate.js
FNF:0
FNH:0
DA:1,1
DA:3,1
DA:4,4
DA:6,4
DA:8,2
DA:9,0
DA:11,2
DA:12,2
DA:13,2
DA:16,2
DA:22,1
LF:11
LH:10
BRDA:8,1,0,0
BRDA:8,1,1,2
BRF:2
BRH:1
end_of_record
