TN:
SF:/var/www/html/test-me/server/server.js
FNF:0
FNH:0
DA:1,1
DA:2,1
DA:3,1
DA:4,1
DA:5,1
DA:7,1
DA:8,1
DA:9,1
DA:14,1
DA:16,1
DA:18,1
DA:19,1
DA:25,1
DA:31,1
DA:32,1
DA:35,1
LF:16
LH:16
BRDA:14,1,0,1
BRDA:14,1,1,0
BRF:2
BRH:1
end_of_record
TN:
SF:/var/www/html/test-me/config/server/default.js
FNF:0
FNH:0
DA:1,1
DA:2,1
DA:3,1
DA:4,1
DA:6,1
DA:7,1
DA:8,1
DA:9,0
DA:10,0
DA:11,0
DA:13,0
DA:16,1
DA:17,1
DA:18,0
DA:20,1
DA:24,1
LF:16
LH:11
BRDA:1,1,0,1
BRDA:1,1,1,1
BRDA:6,2,0,1
BRDA:6,2,1,0
BRDA:9,3,0,0
BRDA:9,3,1,0
BRDA:13,4,0,0
BRDA:13,4,1,0
BRDA:17,5,0,0
BRDA:17,5,1,1
BRF:10
BRH:4
end_of_record
TN:
SF:/var/www/html/test-me/config/server/parameters.js
FNF:0
FNH:0
DA:1,1
DA:6,1
LF:2
LH:2
BRF:0
BRH:0
end_of_record
TN:
SF:/var/www/html/test-me/server/routes/user.js
FNF:0
FNH:0
DA:1,1
DA:2,1
DA:3,1
DA:5,1
DA:6,1
DA:8,1
DA:9,2
DA:11,2
DA:12,1
DA:14,1
DA:17,1
DA:23,1
DA:24,1
DA:27,1
LF:14
LH:14
BRF:0
BRH:0
end_of_record
TN:
SF:/var/www/html/test-me/server/models/user.js
FN:36,(anonymous_1)
FN:42,(anonymous_2)
FN:64,(anonymous_3)
FN:80,(anonymous_4)
FN:85,(anonymous_5)
FN:93,(anonymous_6)
FNF:6
FNH:6
FNDA:6,(anonymous_1)
FNDA:6,(anonymous_2)
FNDA:2,(anonymous_3)
FNDA:1,(anonymous_4)
FNDA:1,(anonymous_5)
FNDA:6,(anonymous_6)
DA:1,1
DA:2,1
DA:3,1
DA:5,1
DA:6,1
DA:7,1
DA:9,1
DA:37,6
DA:43,6
DA:64,1
DA:65,2
DA:66,2
DA:68,2
DA:69,2
DA:71,1
DA:73,1
DA:80,1
DA:81,1
DA:82,1
DA:85,1
DA:86,1
DA:87,1
DA:88,1
DA:89,1
DA:90,1
DA:93,1
DA:94,6
DA:95,6
DA:96,5
DA:97,5
DA:98,0
DA:100,5
DA:101,5
DA:102,5
DA:106,1
DA:110,1
DA:112,1
LF:37
LH:36
BRDA:69,1,0,2
BRDA:69,1,1,2
BRDA:88,2,0,1
BRDA:88,2,1,1
BRDA:95,3,0,5
BRDA:95,3,1,1
BRDA:97,4,0,0
BRDA:97,4,1,5
BRF:8
BRH:7
end_of_record
TN:
SF:/var/www/html/test-me/server/middleware/authenticate.js
FNF:0
FNH:0
DA:1,1
DA:3,1
DA:4,2
DA:6,2
DA:8,1
DA:9,0
DA:11,1
DA:12,1
DA:13,1
DA:16,1
DA:22,1
LF:11
LH:10
BRDA:8,1,0,0
BRDA:8,1,1,1
BRF:2
BRH:1
end_of_record
